<?xml version="1.0" encoding="UTF-8"?>
<testsuites>
  <testsuite name="App\Tests.Unit" tests="33" assertions="1103" errors="0" failures="0" skipped="0" time="0.071290">
    <testcase name="testGenerateReelPositionsWithCustomReels" class="App\Tests\Codeception\Unit\Generator\ReelGeneratorTest" file="/home/default/ws/php_apps/slotify.v2/tests/Unit/Generator/ReelGeneratorTest.php" time="0.008142" assertions="6"/>
    <testcase name="testGenerateBonusValues" class="App\Tests\Codeception\Unit\Generator\RandomNumberGeneratorTest" file="/home/default/ws/php_apps/slotify.v2/tests/Unit/Generator/RandomNumberGeneratorTest.php" time="0.003106" assertions="10"/>
    <testcase name="testGenerateReelPositionsWithEmptyReels" class="App\Tests\Codeception\Unit\Generator\ReelGeneratorTest" file="/home/default/ws/php_apps/slotify.v2/tests/Unit/Generator/ReelGeneratorTest.php" time="0.001214" assertions="3"/>
    <testcase name="testGenerateReelPositionWithinBounds" class="App\Tests\Codeception\Unit\Generator\RandomNumberGeneratorTest" file="/home/default/ws/php_apps/slotify.v2/tests/Unit/Generator/RandomNumberGeneratorTest.php" time="0.005245" assertions="300"/>
    <testcase name="testGetVisibleSymbolsWithSingleRow" class="App\Tests\Codeception\Unit\Generator\ReelGeneratorTest" file="/home/default/ws/php_apps/slotify.v2/tests/Unit/Generator/ReelGeneratorTest.php" time="0.001605" assertions="5"/>
    <testcase name="testConstructorAcceptsRandomNumberGeneratorInterface" class="App\Tests\Codeception\Unit\Generator\ReelGeneratorTest" file="/home/default/ws/php_apps/slotify.v2/tests/Unit/Generator/ReelGeneratorTest.php" time="0.001096" assertions="1"/>
    <testcase name="testValidateStateReturnsBoolean" class="App\Tests\Codeception\Unit\Generator\RandomNumberGeneratorTest" file="/home/default/ws/php_apps/slotify.v2/tests/Unit/Generator/RandomNumberGeneratorTest.php" time="0.000915" assertions="1"/>
    <testcase name="testReelGeneratorIsReadonly" class="App\Tests\Codeception\Unit\Generator\ReelGeneratorTest" file="/home/default/ws/php_apps/slotify.v2/tests/Unit/Generator/ReelGeneratorTest.php" time="0.001032" assertions="1"/>
    <testcase name="testGenerateIntWithinRange" class="App\Tests\Codeception\Unit\Generator\RandomNumberGeneratorTest" file="/home/default/ws/php_apps/slotify.v2/tests/Unit/Generator/RandomNumberGeneratorTest.php" time="0.004884" assertions="200"/>
    <testcase name="testGenerateUniqueRandomProducesUniqueValuesInRange" class="App\Tests\Codeception\Unit\Generator\RandomNumberGeneratorTest" file="/home/default/ws/php_apps/slotify.v2/tests/Unit/Generator/RandomNumberGeneratorTest.php" time="0.001524" assertions="22"/>
    <testcase name="testShuffleArrayPreservesElements" class="App\Tests\Codeception\Unit\Generator\RandomNumberGeneratorTest" file="/home/default/ws/php_apps/slotify.v2/tests/Unit/Generator/RandomNumberGeneratorTest.php" time="0.000945" assertions="2"/>
    <testcase name="testGetEntropyInfoContainsExpectedKeys" class="App\Tests\Codeception\Unit\Generator\RandomNumberGeneratorTest" file="/home/default/ws/php_apps/slotify.v2/tests/Unit/Generator/RandomNumberGeneratorTest.php" time="0.001081" assertions="5"/>
    <testcase name="testGetStatisticsContainsExpectedKeys" class="App\Tests\Codeception\Unit\Generator\RandomNumberGeneratorTest" file="/home/default/ws/php_apps/slotify.v2/tests/Unit/Generator/RandomNumberGeneratorTest.php" time="0.000923" assertions="6"/>
    <testcase name="testDummyPaymentAlwaysSucceeds" class="App\Tests\Codeception\Unit\Services\DepositServiceTest" file="/home/default/ws/php_apps/slotify.v2/tests/Unit/Services/DepositServiceTest.php" time="0.008870" assertions="5"/>
    <testcase name="testGetVisibleSymbolsWithCustomConfiguration" class="App\Tests\Codeception\Unit\Generator\ReelGeneratorTest" file="/home/default/ws/php_apps/slotify.v2/tests/Unit/Generator/ReelGeneratorTest.php" time="0.001288" assertions="4"/>
    <testcase name="testDepositCreatesCorrectTransaction" class="App\Tests\Codeception\Unit\Services\DepositServiceTest" file="/home/default/ws/php_apps/slotify.v2/tests/Unit/Services/DepositServiceTest.php" time="0.001750" assertions="11"/>
    <testcase name="testGenerateWeightedRandomReturnsValidIndex" class="App\Tests\Codeception\Unit\Generator\RandomNumberGeneratorTest" file="/home/default/ws/php_apps/slotify.v2/tests/Unit/Generator/RandomNumberGeneratorTest.php" time="0.003413" assertions="200"/>
    <testcase name="testGenerateReelPositionsWithDefaultReels" class="App\Tests\Codeception\Unit\Generator\ReelGeneratorTest" file="/home/default/ws/php_apps/slotify.v2/tests/Unit/Generator/ReelGeneratorTest.php" time="0.001584" assertions="13"/>
    <testcase name="testInvalidPaymentMethod" class="App\Tests\Codeception\Unit\Services\DepositServiceTest" file="/home/default/ws/php_apps/slotify.v2/tests/Unit/Services/DepositServiceTest.php" time="0.001202" assertions="1"/>
    <testcase name="testSetSeedReflectedInStatistics" class="App\Tests\Codeception\Unit\Generator\RandomNumberGeneratorTest" file="/home/default/ws/php_apps/slotify.v2/tests/Unit/Generator/RandomNumberGeneratorTest.php" time="0.000913" assertions="2"/>
    <testcase name="testProcessDepositFailure" class="App\Tests\Codeception\Unit\Services\DepositServiceTest" file="/home/default/ws/php_apps/slotify.v2/tests/Unit/Services/DepositServiceTest.php" time="0.001567" assertions="3"/>
    <testcase name="testGenerateSeedFormat" class="App\Tests\Codeception\Unit\Generator\RandomNumberGeneratorTest" file="/home/default/ws/php_apps/slotify.v2/tests/Unit/Generator/RandomNumberGeneratorTest.php" time="0.000951" assertions="2"/>
    <testcase name="testGenerateIntThrowsOnInvalidRange" class="App\Tests\Codeception\Unit\Generator\RandomNumberGeneratorTest" file="/home/default/ws/php_apps/slotify.v2/tests/Unit/Generator/RandomNumberGeneratorTest.php" time="0.000885" assertions="1"/>
    <testcase name="testGetVisibleSymbolsConsistencyBetweenCalls" class="App\Tests\Codeception\Unit\Generator\ReelGeneratorTest" file="/home/default/ws/php_apps/slotify.v2/tests/Unit/Generator/ReelGeneratorTest.php" time="0.001253" assertions="3"/>
    <testcase name="testGetVisibleSymbolsWithDefaultConfiguration" class="App\Tests\Codeception\Unit\Generator\ReelGeneratorTest" file="/home/default/ws/php_apps/slotify.v2/tests/Unit/Generator/ReelGeneratorTest.php" time="0.001609" assertions="19"/>
    <testcase name="testGenerateBooleanReturnsBothValuesOverManyRuns" class="App\Tests\Codeception\Unit\Generator\RandomNumberGeneratorTest" file="/home/default/ws/php_apps/slotify.v2/tests/Unit/Generator/RandomNumberGeneratorTest.php" time="0.000935" assertions="2"/>
    <testcase name="testGenerateSecureRandomThrowsOnInvalidRange" class="App\Tests\Codeception\Unit\Generator\RandomNumberGeneratorTest" file="/home/default/ws/php_apps/slotify.v2/tests/Unit/Generator/RandomNumberGeneratorTest.php" time="0.000919" assertions="1"/>
    <testcase name="testGetVisibleSymbolsWithWrappingPositions" class="App\Tests\Codeception\Unit\Generator\ReelGeneratorTest" file="/home/default/ws/php_apps/slotify.v2/tests/Unit/Generator/ReelGeneratorTest.php" time="0.001330" assertions="5"/>
    <testcase name="testGetVisibleSymbolsWithLargeRowCount" class="App\Tests\Codeception\Unit\Generator\ReelGeneratorTest" file="/home/default/ws/php_apps/slotify.v2/tests/Unit/Generator/ReelGeneratorTest.php" time="0.001679" assertions="5"/>
    <testcase name="testGenerateSequence" class="App\Tests\Codeception\Unit\Generator\RandomNumberGeneratorTest" file="/home/default/ws/php_apps/slotify.v2/tests/Unit/Generator/RandomNumberGeneratorTest.php" time="0.001730" assertions="41"/>
    <testcase name="testGenerateReelPositions" class="App\Tests\Codeception\Unit\Generator\RandomNumberGeneratorTest" file="/home/default/ws/php_apps/slotify.v2/tests/Unit/Generator/RandomNumberGeneratorTest.php" time="0.001186" assertions="16"/>
    <testcase name="testProcessDepositSuccess" class="App\Tests\Codeception\Unit\Services\DepositServiceTest" file="/home/default/ws/php_apps/slotify.v2/tests/Unit/Services/DepositServiceTest.php" time="0.001676" assertions="7"/>
    <testcase name="testGenerateFloatRange" class="App\Tests\Codeception\Unit\Generator\RandomNumberGeneratorTest" file="/home/default/ws/php_apps/slotify.v2/tests/Unit/Generator/RandomNumberGeneratorTest.php" time="0.004840" assertions="200"/>
  </testsuite>
</testsuites>
