<?xml version="1.0" encoding="UTF-8"?>
<testsuites>
  <testsuite name="App\Tests.Unit" tests="33" assertions="1103" errors="0" failures="0" skipped="0" time="0.071141">
    <testcase name="testGetVisibleSymbolsConsistencyBetweenCalls" class="App\Tests\Codeception\Unit\Generator\ReelGeneratorTest" file="/home/default/ws/php_apps/slotify.v2/tests/Unit/Generator/ReelGeneratorTest.php" time="0.009197" assertions="3"/>
    <testcase name="testGetVisibleSymbolsWithLargeRowCount" class="App\Tests\Codeception\Unit\Generator\ReelGeneratorTest" file="/home/default/ws/php_apps/slotify.v2/tests/Unit/Generator/ReelGeneratorTest.php" time="0.002067" assertions="5"/>
    <testcase name="testProcessDepositSuccess" class="App\Tests\Codeception\Unit\Services\DepositServiceTest" file="/home/default/ws/php_apps/slotify.v2/tests/Unit/Services/DepositServiceTest.php" time="0.006630" assertions="7"/>
    <testcase name="testGenerateBooleanReturnsBothValuesOverManyRuns" class="App\Tests\Codeception\Unit\Generator\RandomNumberGeneratorTest" file="/home/default/ws/php_apps/slotify.v2/tests/Unit/Generator/RandomNumberGeneratorTest.php" time="0.002153" assertions="2"/>
    <testcase name="testConstructorAcceptsRandomNumberGeneratorInterface" class="App\Tests\Codeception\Unit\Generator\ReelGeneratorTest" file="/home/default/ws/php_apps/slotify.v2/tests/Unit/Generator/ReelGeneratorTest.php" time="0.001094" assertions="1"/>
    <testcase name="testGenerateSequence" class="App\Tests\Codeception\Unit\Generator\RandomNumberGeneratorTest" file="/home/default/ws/php_apps/slotify.v2/tests/Unit/Generator/RandomNumberGeneratorTest.php" time="0.002127" assertions="41"/>
    <testcase name="testGenerateIntThrowsOnInvalidRange" class="App\Tests\Codeception\Unit\Generator\RandomNumberGeneratorTest" file="/home/default/ws/php_apps/slotify.v2/tests/Unit/Generator/RandomNumberGeneratorTest.php" time="0.001102" assertions="1"/>
    <testcase name="testGenerateReelPositionsWithEmptyReels" class="App\Tests\Codeception\Unit\Generator\ReelGeneratorTest" file="/home/default/ws/php_apps/slotify.v2/tests/Unit/Generator/ReelGeneratorTest.php" time="0.001161" assertions="3"/>
    <testcase name="testGenerateSecureRandomThrowsOnInvalidRange" class="App\Tests\Codeception\Unit\Generator\RandomNumberGeneratorTest" file="/home/default/ws/php_apps/slotify.v2/tests/Unit/Generator/RandomNumberGeneratorTest.php" time="0.000952" assertions="1"/>
    <testcase name="testGenerateReelPositionsWithDefaultReels" class="App\Tests\Codeception\Unit\Generator\ReelGeneratorTest" file="/home/default/ws/php_apps/slotify.v2/tests/Unit/Generator/ReelGeneratorTest.php" time="0.001615" assertions="13"/>
    <testcase name="testReelGeneratorIsReadonly" class="App\Tests\Codeception\Unit\Generator\ReelGeneratorTest" file="/home/default/ws/php_apps/slotify.v2/tests/Unit/Generator/ReelGeneratorTest.php" time="0.001035" assertions="1"/>
    <testcase name="testDummyPaymentAlwaysSucceeds" class="App\Tests\Codeception\Unit\Services\DepositServiceTest" file="/home/default/ws/php_apps/slotify.v2/tests/Unit/Services/DepositServiceTest.php" time="0.001497" assertions="5"/>
    <testcase name="testInvalidPaymentMethod" class="App\Tests\Codeception\Unit\Services\DepositServiceTest" file="/home/default/ws/php_apps/slotify.v2/tests/Unit/Services/DepositServiceTest.php" time="0.001042" assertions="1"/>
    <testcase name="testGetVisibleSymbolsWithCustomConfiguration" class="App\Tests\Codeception\Unit\Generator\ReelGeneratorTest" file="/home/default/ws/php_apps/slotify.v2/tests/Unit/Generator/ReelGeneratorTest.php" time="0.001334" assertions="4"/>
    <testcase name="testGenerateBonusValues" class="App\Tests\Codeception\Unit\Generator\RandomNumberGeneratorTest" file="/home/default/ws/php_apps/slotify.v2/tests/Unit/Generator/RandomNumberGeneratorTest.php" time="0.001398" assertions="10"/>
    <testcase name="testGetVisibleSymbolsWithDefaultConfiguration" class="App\Tests\Codeception\Unit\Generator\ReelGeneratorTest" file="/home/default/ws/php_apps/slotify.v2/tests/Unit/Generator/ReelGeneratorTest.php" time="0.001728" assertions="19"/>
    <testcase name="testGenerateUniqueRandomProducesUniqueValuesInRange" class="App\Tests\Codeception\Unit\Generator\RandomNumberGeneratorTest" file="/home/default/ws/php_apps/slotify.v2/tests/Unit/Generator/RandomNumberGeneratorTest.php" time="0.001611" assertions="22"/>
    <testcase name="testValidateStateReturnsBoolean" class="App\Tests\Codeception\Unit\Generator\RandomNumberGeneratorTest" file="/home/default/ws/php_apps/slotify.v2/tests/Unit/Generator/RandomNumberGeneratorTest.php" time="0.000939" assertions="1"/>
    <testcase name="testSetSeedReflectedInStatistics" class="App\Tests\Codeception\Unit\Generator\RandomNumberGeneratorTest" file="/home/default/ws/php_apps/slotify.v2/tests/Unit/Generator/RandomNumberGeneratorTest.php" time="0.000959" assertions="2"/>
    <testcase name="testGenerateFloatRange" class="App\Tests\Codeception\Unit\Generator\RandomNumberGeneratorTest" file="/home/default/ws/php_apps/slotify.v2/tests/Unit/Generator/RandomNumberGeneratorTest.php" time="0.004858" assertions="200"/>
    <testcase name="testProcessDepositFailure" class="App\Tests\Codeception\Unit\Services\DepositServiceTest" file="/home/default/ws/php_apps/slotify.v2/tests/Unit/Services/DepositServiceTest.php" time="0.001729" assertions="3"/>
    <testcase name="testGenerateIntWithinRange" class="App\Tests\Codeception\Unit\Generator\RandomNumberGeneratorTest" file="/home/default/ws/php_apps/slotify.v2/tests/Unit/Generator/RandomNumberGeneratorTest.php" time="0.004755" assertions="200"/>
    <testcase name="testGetVisibleSymbolsWithWrappingPositions" class="App\Tests\Codeception\Unit\Generator\ReelGeneratorTest" file="/home/default/ws/php_apps/slotify.v2/tests/Unit/Generator/ReelGeneratorTest.php" time="0.001444" assertions="5"/>
    <testcase name="testGenerateReelPositions" class="App\Tests\Codeception\Unit\Generator\RandomNumberGeneratorTest" file="/home/default/ws/php_apps/slotify.v2/tests/Unit/Generator/RandomNumberGeneratorTest.php" time="0.001283" assertions="16"/>
    <testcase name="testGenerateReelPositionWithinBounds" class="App\Tests\Codeception\Unit\Generator\RandomNumberGeneratorTest" file="/home/default/ws/php_apps/slotify.v2/tests/Unit/Generator/RandomNumberGeneratorTest.php" time="0.005209" assertions="300"/>
    <testcase name="testShuffleArrayPreservesElements" class="App\Tests\Codeception\Unit\Generator\RandomNumberGeneratorTest" file="/home/default/ws/php_apps/slotify.v2/tests/Unit/Generator/RandomNumberGeneratorTest.php" time="0.001001" assertions="2"/>
    <testcase name="testGenerateSeedFormat" class="App\Tests\Codeception\Unit\Generator\RandomNumberGeneratorTest" file="/home/default/ws/php_apps/slotify.v2/tests/Unit/Generator/RandomNumberGeneratorTest.php" time="0.001029" assertions="2"/>
    <testcase name="testGetVisibleSymbolsWithSingleRow" class="App\Tests\Codeception\Unit\Generator\ReelGeneratorTest" file="/home/default/ws/php_apps/slotify.v2/tests/Unit/Generator/ReelGeneratorTest.php" time="0.001415" assertions="5"/>
    <testcase name="testGetStatisticsContainsExpectedKeys" class="App\Tests\Codeception\Unit\Generator\RandomNumberGeneratorTest" file="/home/default/ws/php_apps/slotify.v2/tests/Unit/Generator/RandomNumberGeneratorTest.php" time="0.001131" assertions="6"/>
    <testcase name="testDepositCreatesCorrectTransaction" class="App\Tests\Codeception\Unit\Services\DepositServiceTest" file="/home/default/ws/php_apps/slotify.v2/tests/Unit/Services/DepositServiceTest.php" time="0.001799" assertions="11"/>
    <testcase name="testGetEntropyInfoContainsExpectedKeys" class="App\Tests\Codeception\Unit\Generator\RandomNumberGeneratorTest" file="/home/default/ws/php_apps/slotify.v2/tests/Unit/Generator/RandomNumberGeneratorTest.php" time="0.001006" assertions="5"/>
    <testcase name="testGenerateReelPositionsWithCustomReels" class="App\Tests\Codeception\Unit\Generator\ReelGeneratorTest" file="/home/default/ws/php_apps/slotify.v2/tests/Unit/Generator/ReelGeneratorTest.php" time="0.001374" assertions="6"/>
    <testcase name="testGenerateWeightedRandomReturnsValidIndex" class="App\Tests\Codeception\Unit\Generator\RandomNumberGeneratorTest" file="/home/default/ws/php_apps/slotify.v2/tests/Unit/Generator/RandomNumberGeneratorTest.php" time="0.003468" assertions="200"/>
  </testsuite>
</testsuites>
